# JRE version: Java(TM) SE Runtime Environment 18.9 (11.0.10+8) (build 11.0.10+8-LTS-162)
# Java VM: Java HotSpot(TM) 64-Bit Server VM 18.9 (11.0.10+8-LTS-162, mixed mode, tiered, compressed oops, g1 gc, windows-amd64)
Heap:
 garbage-first heap   total 157696K, used 14453K [0x0000000081c00000, 0x0000000100000000)
  region size 1024K, 8 young (8192K), 8 survivors (8192K)
 Metaspace       used 31057K, capacity 32197K, committed 32304K, reserved 1077248K
  class space    used 3949K, capacity 4409K, committed 4480K, reserved 1048576K
GC Heap History (9 events):
Event: 1.216 GC heap before
{Heap before GC invocations=0 (full 0):
 garbage-first heap   total 131072K, used 24576K [0x0000000081c00000, 0x0000000100000000)
  region size 1024K, 24 young (24576K), 0 survivors (0K)
 Metaspace       used 14746K, capacity 15111K, committed 15360K, reserved 1062912K
  class space    used 1568K, capacity 1707K, committed 1792K, reserved 1048576K
}
Event: 1.223 GC heap after
{Heap after GC invocations=1 (full 0):
 garbage-first heap   total 131072K, used 7292K [0x0000000081c00000, 0x0000000100000000)
  region size 1024K, 3 young (3072K), 3 survivors (3072K)
 Metaspace       used 14746K, capacity 15111K, committed 15360K, reserved 1062912K
  class space    used 1568K, capacity 1707K, committed 1792K, reserved 1048576K
}
Event: 1.613 GC heap before
{Heap before GC invocations=1 (full 0):
 garbage-first heap   total 131072K, used 64636K [0x0000000081c00000, 0x0000000100000000)
  region size 1024K, 60 young (61440K), 3 survivors (3072K)
 Metaspace       used 18194K, capacity 18750K, committed 18944K, reserved 1067008K
  class space    used 2070K, capacity 2298K, committed 2304K, reserved 1048576K
}
Event: 1.619 GC heap after
{Heap after GC invocations=2 (full 0):
 garbage-first heap   total 131072K, used 8535K [0x0000000081c00000, 0x0000000100000000)
  region size 1024K, 5 young (5120K), 5 survivors (5120K)
 Metaspace       used 18194K, capacity 18750K, committed 18944K, reserved 1067008K
  class space    used 2070K, capacity 2298K, committed 2304K, reserved 1048576K
}
Event: 1.736 GC heap before
{Heap before GC invocations=2 (full 0):
 garbage-first heap   total 131072K, used 19799K [0x0000000081c00000, 0x0000000100000000)
  region size 1024K, 17 young (17408K), 5 survivors (5120K)
 Metaspace       used 20530K, capacity 21168K, committed 21296K, reserved 1069056K
  class space    used 2378K, capacity 2662K, committed 2688K, reserved 1048576K
}
Event: 1.743 GC heap after
{Heap after GC invocations=3 (full 0):
 garbage-first heap   total 131072K, used 9200K [0x0000000081c00000, 0x0000000100000000)
  region size 1024K, 5 young (5120K), 5 survivors (5120K)
 Metaspace       used 20530K, capacity 21168K, committed 21296K, reserved 1069056K
  class space    used 2378K, capacity 2662K, committed 2688K, reserved 1048576K
}
Event: 2.148 GC heap before
{Heap before GC invocations=4 (full 0):
 garbage-first heap   total 131072K, used 74736K [0x0000000081c00000, 0x0000000100000000)
  region size 1024K, 70 young (71680K), 5 survivors (5120K)
 Metaspace       used 24667K, capacity 25455K, committed 25776K, reserved 1071104K
  class space    used 2925K, capacity 3238K, committed 3328K, reserved 1048576K
}
Event: 2.156 GC heap after
{Heap after GC invocations=5 (full 0):
 garbage-first heap   total 131072K, used 10773K [0x0000000081c00000, 0x0000000100000000)
  region size 1024K, 4 young (4096K), 4 survivors (4096K)
 Metaspace       used 24667K, capacity 25455K, committed 25776K, reserved 1071104K
  class space    used 2925K, capacity 3238K, committed 3328K, reserved 1048576K
}
Event: 3.108 GC heap before
{Heap before GC invocations=5 (full 0):
 garbage-first heap   total 131072K, used 83477K [0x0000000081c00000, 0x0000000100000000)
  region size 1024K, 75 young (76800K), 4 survivors (4096K)
 Metaspace       used 31057K, capacity 32197K, committed 32304K, reserved 1077248K
  class space    used 3949K, capacity 4409K, committed 4480K, reserved 1048576K
}

